..\..\..\bin\Release\example.pdb
C:\USERS\BORGES\DROPBOX\MESTRADO 1º ANO 1º SEMESTRE\AVT\CGLIB.DEV\PROJECTS\BIN\RELEASE\EXAMPLE.EXE
C:\USERS\BORGES\DROPBOX\MESTRADO 1º ANO 1º SEMESTRE\AVT\CGLIB.DEV\PROJECTS\BIN\RELEASE\EXAMPLE.PDB
C:\USERS\BORGES\DROPBOX\MESTRADO 1º ANO 1º SEMESTRE\AVT\CGLIB.DEV\PROJECTS\EXAMPLE\OBJ\RELEASE\CLOUD.OBJ
C:\USERS\BORGES\DROPBOX\MESTRADO 1º ANO 1º SEMESTRE\AVT\CGLIB.DEV\PROJECTS\EXAMPLE\OBJ\RELEASE\CLOUDREMANANT.OBJ
C:\USERS\BORGES\DROPBOX\MESTRADO 1º ANO 1º SEMESTRE\AVT\CGLIB.DEV\PROJECTS\EXAMPLE\OBJ\RELEASE\EXAMPLE.EXE.INTERMEDIATE.MANIFEST
C:\USERS\BORGES\DROPBOX\MESTRADO 1º ANO 1º SEMESTRE\AVT\CGLIB.DEV\PROJECTS\EXAMPLE\OBJ\RELEASE\HEART.OBJ
C:\USERS\BORGES\DROPBOX\MESTRADO 1º ANO 1º SEMESTRE\AVT\CGLIB.DEV\PROJECTS\EXAMPLE\OBJ\RELEASE\KEY.OBJ
C:\USERS\BORGES\DROPBOX\MESTRADO 1º ANO 1º SEMESTRE\AVT\CGLIB.DEV\PROJECTS\EXAMPLE\OBJ\RELEASE\MAIN.OBJ
C:\USERS\BORGES\DROPBOX\MESTRADO 1º ANO 1º SEMESTRE\AVT\CGLIB.DEV\PROJECTS\EXAMPLE\OBJ\RELEASE\MATERIALBANK.OBJ
C:\USERS\BORGES\DROPBOX\MESTRADO 1º ANO 1º SEMESTRE\AVT\CGLIB.DEV\PROJECTS\EXAMPLE\OBJ\RELEASE\MYAPP.OBJ
C:\USERS\BORGES\DROPBOX\MESTRADO 1º ANO 1º SEMESTRE\AVT\CGLIB.DEV\PROJECTS\EXAMPLE\OBJ\RELEASE\MYBOX.OBJ
C:\USERS\BORGES\DROPBOX\MESTRADO 1º ANO 1º SEMESTRE\AVT\CGLIB.DEV\PROJECTS\EXAMPLE\OBJ\RELEASE\MYCAMERA.OBJ
C:\USERS\BORGES\DROPBOX\MESTRADO 1º ANO 1º SEMESTRE\AVT\CGLIB.DEV\PROJECTS\EXAMPLE\OBJ\RELEASE\MYCONTROLLER.OBJ
C:\USERS\BORGES\DROPBOX\MESTRADO 1º ANO 1º SEMESTRE\AVT\CGLIB.DEV\PROJECTS\EXAMPLE\OBJ\RELEASE\MYFPSCAMERA.OBJ
C:\USERS\BORGES\DROPBOX\MESTRADO 1º ANO 1º SEMESTRE\AVT\CGLIB.DEV\PROJECTS\EXAMPLE\OBJ\RELEASE\MYLIGHT.OBJ
C:\USERS\BORGES\DROPBOX\MESTRADO 1º ANO 1º SEMESTRE\AVT\CGLIB.DEV\PROJECTS\EXAMPLE\OBJ\RELEASE\MYPHYSICS.OBJ
C:\USERS\BORGES\DROPBOX\MESTRADO 1º ANO 1º SEMESTRE\AVT\CGLIB.DEV\PROJECTS\EXAMPLE\OBJ\RELEASE\MYQUADRIC.OBJ
C:\USERS\BORGES\DROPBOX\MESTRADO 1º ANO 1º SEMESTRE\AVT\CGLIB.DEV\PROJECTS\EXAMPLE\OBJ\RELEASE\MYSCENE.OBJ
C:\USERS\BORGES\DROPBOX\MESTRADO 1º ANO 1º SEMESTRE\AVT\CGLIB.DEV\PROJECTS\EXAMPLE\OBJ\RELEASE\MYTEAPOT.OBJ
C:\USERS\BORGES\DROPBOX\MESTRADO 1º ANO 1º SEMESTRE\AVT\CGLIB.DEV\PROJECTS\EXAMPLE\OBJ\RELEASE\MYTEXTUREDBOX.OBJ
C:\USERS\BORGES\DROPBOX\MESTRADO 1º ANO 1º SEMESTRE\AVT\CGLIB.DEV\PROJECTS\EXAMPLE\OBJ\RELEASE\MYWORLD.OBJ
C:\USERS\BORGES\DROPBOX\MESTRADO 1º ANO 1º SEMESTRE\AVT\CGLIB.DEV\PROJECTS\EXAMPLE\OBJ\RELEASE\VC100.PDB
C:\USERS\CELCIUS\DESKTOP\CGLIB.DEV\PROJECTS\BIN\RELEASE\EXAMPLE.EXE
C:\USERS\CELCIUS\DESKTOP\CGLIB.DEV\PROJECTS\BIN\RELEASE\EXAMPLE.PDB
C:\Users\Celcius\Desktop\cglib.dev\projects\example\obj\Release\cl.command.1.tlog
C:\Users\Celcius\Desktop\cglib.dev\projects\example\obj\Release\CL.read.1.tlog
C:\Users\Celcius\Desktop\cglib.dev\projects\example\obj\Release\CL.write.1.tlog
C:\USERS\CELCIUS\DESKTOP\CGLIB.DEV\PROJECTS\EXAMPLE\OBJ\RELEASE\CLOUD.OBJ
C:\USERS\CELCIUS\DESKTOP\CGLIB.DEV\PROJECTS\EXAMPLE\OBJ\RELEASE\CLOUDREMANANT.OBJ
C:\USERS\CELCIUS\DESKTOP\CGLIB.DEV\PROJECTS\EXAMPLE\OBJ\RELEASE\EXAMPLE.EXE.INTERMEDIATE.MANIFEST
C:\Users\Celcius\Desktop\cglib.dev\projects\example\obj\Release\example.log
C:\USERS\CELCIUS\DESKTOP\CGLIB.DEV\PROJECTS\EXAMPLE\OBJ\RELEASE\HEART.OBJ
C:\USERS\CELCIUS\DESKTOP\CGLIB.DEV\PROJECTS\EXAMPLE\OBJ\RELEASE\KEY.OBJ
C:\Users\Celcius\Desktop\cglib.dev\projects\example\obj\Release\link.command.1.tlog
C:\Users\Celcius\Desktop\cglib.dev\projects\example\obj\Release\link.read.1.tlog
C:\Users\Celcius\Desktop\cglib.dev\projects\example\obj\Release\link.write.1.tlog
C:\USERS\CELCIUS\DESKTOP\CGLIB.DEV\PROJECTS\EXAMPLE\OBJ\RELEASE\MAIN.OBJ
C:\USERS\CELCIUS\DESKTOP\CGLIB.DEV\PROJECTS\EXAMPLE\OBJ\RELEASE\MATERIALBANK.OBJ
C:\Users\Celcius\Desktop\cglib.dev\projects\example\obj\Release\mt.command.1.tlog
C:\Users\Celcius\Desktop\cglib.dev\projects\example\obj\Release\mt.read.1.tlog
C:\Users\Celcius\Desktop\cglib.dev\projects\example\obj\Release\mt.write.1.tlog
C:\USERS\CELCIUS\DESKTOP\CGLIB.DEV\PROJECTS\EXAMPLE\OBJ\RELEASE\MYAPP.OBJ
C:\USERS\CELCIUS\DESKTOP\CGLIB.DEV\PROJECTS\EXAMPLE\OBJ\RELEASE\MYBOX.OBJ
C:\USERS\CELCIUS\DESKTOP\CGLIB.DEV\PROJECTS\EXAMPLE\OBJ\RELEASE\MYCAMERA.OBJ
C:\USERS\CELCIUS\DESKTOP\CGLIB.DEV\PROJECTS\EXAMPLE\OBJ\RELEASE\MYCONTROLLER.OBJ
C:\USERS\CELCIUS\DESKTOP\CGLIB.DEV\PROJECTS\EXAMPLE\OBJ\RELEASE\MYFPSCAMERA.OBJ
C:\USERS\CELCIUS\DESKTOP\CGLIB.DEV\PROJECTS\EXAMPLE\OBJ\RELEASE\MYLIGHT.OBJ
C:\USERS\CELCIUS\DESKTOP\CGLIB.DEV\PROJECTS\EXAMPLE\OBJ\RELEASE\MYPHYSICS.OBJ
C:\USERS\CELCIUS\DESKTOP\CGLIB.DEV\PROJECTS\EXAMPLE\OBJ\RELEASE\MYQUADRIC.OBJ
C:\USERS\CELCIUS\DESKTOP\CGLIB.DEV\PROJECTS\EXAMPLE\OBJ\RELEASE\MYSCENE.OBJ
C:\USERS\CELCIUS\DESKTOP\CGLIB.DEV\PROJECTS\EXAMPLE\OBJ\RELEASE\MYTEAPOT.OBJ
C:\USERS\CELCIUS\DESKTOP\CGLIB.DEV\PROJECTS\EXAMPLE\OBJ\RELEASE\MYTEXTUREDBOX.OBJ
C:\USERS\CELCIUS\DESKTOP\CGLIB.DEV\PROJECTS\EXAMPLE\OBJ\RELEASE\MYWORLD.OBJ
C:\USERS\CELCIUS\DESKTOP\CGLIB.DEV\PROJECTS\EXAMPLE\OBJ\RELEASE\VC100.PDB
C:\Users\Celcius\Desktop\cglib.dev\projects\example\scripts\vs2010\..\..\..\bin\Release\example.exe
